<?xml version="1.0" encoding="UTF-8"?>
<robot generator="Robot 7.0 (Python 3.12.3 on win32)" generated="2024-04-15T00:09:57.384198" rpa="false" schemaversion="5">
<suite id="s1" name="Crm" source="C:\development\robot-scripts\kickOff-script\pythonProject1\tests\Crm.robot">
<test id="s1-t1" name="should be able to add new customer" line="8">
<kw name="Set Selenium Speed" owner="SeleniumLibrary">
<arg>.2s</arg>
<doc>Sets the delay that is waited after each Selenium command.</doc>
<status status="PASS" start="2024-04-15T00:09:57.621427" elapsed="0.000000"/>
</kw>
<kw name="Set Selenium Timeout" owner="SeleniumLibrary">
<arg>5s</arg>
<doc>Sets the timeout that is used by various keywords.</doc>
<status status="PASS" start="2024-04-15T00:09:57.622430" elapsed="0.000000"/>
</kw>
<kw name="Log" owner="BuiltIn">
<msg time="2024-04-15T00:09:57.623430" level="INFO">Starting the test case!</msg>
<arg>Starting the test case!</arg>
<doc>Logs the given message with the given level.</doc>
<status status="PASS" start="2024-04-15T00:09:57.622430" elapsed="0.001000"/>
</kw>
<kw name="Open Browser" owner="SeleniumLibrary">
<msg time="2024-04-15T00:09:57.623430" level="INFO">Opening browser 'chrome' to base url 'https://automationplayground.com/crm/'.</msg>
<arg>https://automationplayground.com/crm/</arg>
<arg>chrome</arg>
<doc>Opens a new browser instance to the optional ``url``.</doc>
<status status="PASS" start="2024-04-15T00:09:57.623430" elapsed="2.845639"/>
</kw>
<kw name="Set Window Size" owner="SeleniumLibrary">
<arg>width=1935</arg>
<arg>height=590</arg>
<doc>Sets current windows size to given ``width`` and ``height``.</doc>
<status status="PASS" start="2024-04-15T00:10:00.469069" elapsed="0.311049"/>
</kw>
<kw name="Page Should Contain" owner="SeleniumLibrary">
<msg time="2024-04-15T00:10:01.199084" level="INFO">Current page contains text 'Customers Are Priority One'.</msg>
<arg>Customers Are Priority One</arg>
<doc>Verifies that current page contains ``text``.</doc>
<status status="PASS" start="2024-04-15T00:10:00.780118" elapsed="0.418966"/>
</kw>
<kw name="Click Link" owner="SeleniumLibrary">
<msg time="2024-04-15T00:10:01.199084" level="INFO">Clicking link 'id=SignIn'.</msg>
<arg>id=SignIn</arg>
<doc>Clicks a link identified by ``locator``.</doc>
<status status="PASS" start="2024-04-15T00:10:01.199084" elapsed="0.852687"/>
</kw>
<kw name="Page Should Contain" owner="SeleniumLibrary">
<msg time="2024-04-15T00:10:02.466533" level="INFO">Current page contains text 'Login'.</msg>
<arg>Login</arg>
<doc>Verifies that current page contains ``text``.</doc>
<status status="PASS" start="2024-04-15T00:10:02.051771" elapsed="0.414762"/>
</kw>
<kw name="Input Text" owner="SeleniumLibrary">
<msg time="2024-04-15T00:10:02.466533" level="INFO">Typing text 'movankhalil@robotfw.com' into text field 'id=email-id'.</msg>
<arg>id=email-id</arg>
<arg>movankhalil@robotfw.com</arg>
<doc>Types the given ``text`` into the text field identified by ``locator``.</doc>
<status status="PASS" start="2024-04-15T00:10:02.466533" elapsed="0.721090"/>
</kw>
<kw name="Input Text" owner="SeleniumLibrary">
<msg time="2024-04-15T00:10:03.188629" level="INFO">Typing text 'Hahahaha' into text field 'id=password'.</msg>
<arg>id=password</arg>
<arg>Hahahaha</arg>
<doc>Types the given ``text`` into the text field identified by ``locator``.</doc>
<status status="PASS" start="2024-04-15T00:10:03.188629" elapsed="0.685322"/>
</kw>
<kw name="Click Button" owner="SeleniumLibrary">
<msg time="2024-04-15T00:10:03.873951" level="INFO">Clicking button 'id=submit-id'.</msg>
<arg>id=submit-id</arg>
<doc>Clicks the button identified by ``locator``.</doc>
<status status="PASS" start="2024-04-15T00:10:03.873951" elapsed="1.186870"/>
</kw>
<kw name="Page Should Contain" owner="SeleniumLibrary">
<msg time="2024-04-15T00:10:05.494209" level="INFO">Current page contains text 'Our Happy Customers'.</msg>
<arg>Our Happy Customers</arg>
<doc>Verifies that current page contains ``text``.</doc>
<status status="PASS" start="2024-04-15T00:10:05.060821" elapsed="0.433388"/>
</kw>
<kw name="Click Link" owner="SeleniumLibrary">
<msg time="2024-04-15T00:10:05.494209" level="INFO">Clicking link 'id=new-customer'.</msg>
<arg>id=new-customer</arg>
<doc>Clicks a link identified by ``locator``.</doc>
<status status="PASS" start="2024-04-15T00:10:05.494209" elapsed="0.977767"/>
</kw>
<kw name="Page Should Contain" owner="SeleniumLibrary">
<msg time="2024-04-15T00:10:06.887569" level="INFO">Current page contains text 'Add Customer'.</msg>
<arg>Add Customer</arg>
<doc>Verifies that current page contains ``text``.</doc>
<status status="PASS" start="2024-04-15T00:10:06.471976" elapsed="0.415593"/>
</kw>
<kw name="Input Text" owner="SeleniumLibrary">
<msg time="2024-04-15T00:10:06.887814" level="INFO">Typing text 'jackdoe@gmail.com' into text field 'id=EmailAddress'.</msg>
<arg>id=EmailAddress</arg>
<arg>jackdoe@gmail.com</arg>
<doc>Types the given ``text`` into the text field identified by ``locator``.</doc>
<status status="PASS" start="2024-04-15T00:10:06.887814" elapsed="0.717597"/>
</kw>
<kw name="Input Text" owner="SeleniumLibrary">
<msg time="2024-04-15T00:10:07.605411" level="INFO">Typing text 'Jack' into text field 'id=FirstName'.</msg>
<arg>id=FirstName</arg>
<arg>Jack</arg>
<doc>Types the given ``text`` into the text field identified by ``locator``.</doc>
<status status="PASS" start="2024-04-15T00:10:07.605411" elapsed="0.669763"/>
</kw>
<kw name="Input Text" owner="SeleniumLibrary">
<msg time="2024-04-15T00:10:08.275174" level="INFO">Typing text 'Doe' into text field 'id=LastName'.</msg>
<arg>id=LastName</arg>
<arg>Doe</arg>
<doc>Types the given ``text`` into the text field identified by ``locator``.</doc>
<status status="PASS" start="2024-04-15T00:10:08.275174" elapsed="0.669815"/>
</kw>
<kw name="Input Text" owner="SeleniumLibrary">
<msg time="2024-04-15T00:10:08.944989" level="INFO">Typing text 'Dallas' into text field 'id=City'.</msg>
<arg>id=City</arg>
<arg>Dallas</arg>
<doc>Types the given ``text`` into the text field identified by ``locator``.</doc>
<status status="PASS" start="2024-04-15T00:10:08.944989" elapsed="0.681237"/>
</kw>
<kw name="Select From List By Value" owner="SeleniumLibrary">
<msg time="2024-04-15T00:10:09.626672" level="INFO">Selecting options from selection list 'id=StateOrRegion' by value TX.</msg>
<arg>id=StateOrRegion</arg>
<arg>TX</arg>
<doc>Selects options from selection list ``locator`` by ``values``.</doc>
<status status="PASS" start="2024-04-15T00:10:09.626672" elapsed="1.676387"/>
</kw>
<kw name="Select Radio Button" owner="SeleniumLibrary">
<msg time="2024-04-15T00:10:11.303461" level="INFO">Selecting 'male' from radio button 'gender'.</msg>
<arg>gender</arg>
<arg>male</arg>
<doc>Sets the radio button group ``group_name`` to ``value``.</doc>
<status status="PASS" start="2024-04-15T00:10:11.303461" elapsed="0.647090"/>
</kw>
<kw name="Select Checkbox" owner="SeleniumLibrary">
<msg time="2024-04-15T00:10:11.950551" level="INFO">Selecting checkbox 'name=promos-name'.</msg>
<arg>name=promos-name</arg>
<doc>Selects the checkbox identified by ``locator``.</doc>
<status status="PASS" start="2024-04-15T00:10:11.950551" elapsed="1.061361"/>
</kw>
<kw name="Click Button" owner="SeleniumLibrary">
<msg time="2024-04-15T00:10:13.012246" level="INFO">Clicking button 'Submit'.</msg>
<arg>Submit</arg>
<doc>Clicks the button identified by ``locator``.</doc>
<status status="PASS" start="2024-04-15T00:10:13.012246" elapsed="1.157005"/>
</kw>
<kw name="Wait Until Page Contains" owner="SeleniumLibrary">
<arg>Success! New customer added.</arg>
<doc>Waits until ``text`` appears on the current page.</doc>
<status status="PASS" start="2024-04-15T00:10:14.169588" elapsed="0.212909"/>
</kw>
<kw name="Sleep" owner="BuiltIn">
<msg time="2024-04-15T00:10:17.383259" level="INFO">Slept 3 seconds.</msg>
<arg>3s</arg>
<doc>Pauses the test executed for the given time.</doc>
<status status="PASS" start="2024-04-15T00:10:14.382822" elapsed="3.000437"/>
</kw>
<kw name="Close Browser" owner="SeleniumLibrary">
<doc>Closes the current browser.</doc>
<status status="PASS" start="2024-04-15T00:10:17.383977" elapsed="2.355655"/>
</kw>
<doc>This is some basic info about the test</doc>
<tag>1006</tag>
<tag>Contacts</tag>
<tag>Smoke</tag>
<status status="PASS" start="2024-04-15T00:09:57.620443" elapsed="22.119716"/>
</test>
<doc>This is some basic info about the whole suite</doc>
<status status="PASS" start="2024-04-15T00:09:57.385199" elapsed="22.355978"/>
</suite>
<statistics>
<total>
<stat pass="1" fail="0" skip="0">All Tests</stat>
</total>
<tag>
<stat pass="1" fail="0" skip="0">1006</stat>
<stat pass="1" fail="0" skip="0">Contacts</stat>
<stat pass="1" fail="0" skip="0">Smoke</stat>
</tag>
<suite>
<stat pass="1" fail="0" skip="0" id="s1" name="Crm">Crm</stat>
</suite>
</statistics>
<errors>
</errors>
</robot>
